The system is: Linux - 4.9.8-1-ARCH - x86_64
Compiling the C compiler identification source file "CMakeCCompilerId.c" succeeded.
Compiler: /usr/bin/cc 
Build flags: 
Id flags: 

The output was:
0


Compilation of the C compiler identification source "CMakeCCompilerId.c" produced "a.out"

The C compiler identification is GNU, found in "/home/mariashka/uni/nets/cmake-build-debug/CMakeFiles/3.6.3/CompilerIdC/a.out"

Compiling the CXX compiler identification source file "CMakeCXXCompilerId.cpp" succeeded.
Compiler: /usr/bin/c++ 
Build flags: 
Id flags: 

The output was:
0


Compilation of the CXX compiler identification source "CMakeCXXCompilerId.cpp" produced "a.out"

The CXX compiler identification is GNU, found in "/home/mariashka/uni/nets/cmake-build-debug/CMakeFiles/3.6.3/CompilerIdCXX/a.out"

Determining if the C compiler works passed with the following output:
Change Dir: /home/mariashka/uni/nets/cmake-build-debug/CMakeFiles/CMakeTmp

Run Build Command:"/usr/bin/make" "cmTC_b2f5d/fast"
/usr/bin/make -f CMakeFiles/cmTC_b2f5d.dir/build.make CMakeFiles/cmTC_b2f5d.dir/build
make[1]: Entering directory '/home/mariashka/uni/nets/cmake-build-debug/CMakeFiles/CMakeTmp'
Building C object CMakeFiles/cmTC_b2f5d.dir/testCCompiler.c.o
/usr/bin/cc     -o CMakeFiles/cmTC_b2f5d.dir/testCCompiler.c.o   -c /home/mariashka/uni/nets/cmake-build-debug/CMakeFiles/CMakeTmp/testCCompiler.c
Linking C executable cmTC_b2f5d
/opt/clion/bin/cmake/bin/cmake -E cmake_link_script CMakeFiles/cmTC_b2f5d.dir/link.txt --verbose=1
/usr/bin/cc       CMakeFiles/cmTC_b2f5d.dir/testCCompiler.c.o  -o cmTC_b2f5d 
make[1]: Leaving directory '/home/mariashka/uni/nets/cmake-build-debug/CMakeFiles/CMakeTmp'


Detecting C compiler ABI info compiled with the following output:
Change Dir: /home/mariashka/uni/nets/cmake-build-debug/CMakeFiles/CMakeTmp

Run Build Command:"/usr/bin/make" "cmTC_ba27f/fast"
/usr/bin/make -f CMakeFiles/cmTC_ba27f.dir/build.make CMakeFiles/cmTC_ba27f.dir/build
make[1]: Entering directory '/home/mariashka/uni/nets/cmake-build-debug/CMakeFiles/CMakeTmp'
Building C object CMakeFiles/cmTC_ba27f.dir/CMakeCCompilerABI.c.o
/usr/bin/cc     -o CMakeFiles/cmTC_ba27f.dir/CMakeCCompilerABI.c.o   -c /opt/clion/bin/cmake/share/cmake-3.6/Modules/CMakeCCompilerABI.c
Linking C executable cmTC_ba27f
/opt/clion/bin/cmake/bin/cmake -E cmake_link_script CMakeFiles/cmTC_ba27f.dir/link.txt --verbose=1
/usr/bin/cc      -v CMakeFiles/cmTC_ba27f.dir/CMakeCCompilerABI.c.o  -o cmTC_ba27f  
Using built-in specs.
COLLECT_GCC=/usr/bin/cc
COLLECT_LTO_WRAPPER=/usr/lib/gcc/x86_64-pc-linux-gnu/6.3.1/lto-wrapper
Target: x86_64-pc-linux-gnu
Configured with: /build/gcc-multilib/src/gcc/configure --prefix=/usr --libdir=/usr/lib --libexecdir=/usr/lib --mandir=/usr/share/man --infodir=/usr/share/info --with-bugurl=https://bugs.archlinux.org/ --enable-languages=c,c++,ada,fortran,go,lto,objc,obj-c++ --enable-shared --enable-threads=posix --enable-libmpx --with-system-zlib --with-isl --enable-__cxa_atexit --disable-libunwind-exceptions --enable-clocale=gnu --disable-libstdcxx-pch --disable-libssp --enable-gnu-unique-object --enable-linker-build-id --enable-lto --enable-plugin --enable-install-libiberty --with-linker-hash-style=gnu --enable-gnu-indirect-function --enable-multilib --disable-werror --enable-checking=release
Thread model: posix
gcc version 6.3.1 20170109 (GCC) 
COMPILER_PATH=/usr/lib/gcc/x86_64-pc-linux-gnu/6.3.1/:/usr/lib/gcc/x86_64-pc-linux-gnu/6.3.1/:/usr/lib/gcc/x86_64-pc-linux-gnu/:/usr/lib/gcc/x86_64-pc-linux-gnu/6.3.1/:/usr/lib/gcc/x86_64-pc-linux-gnu/
LIBRARY_PATH=/usr/lib/gcc/x86_64-pc-linux-gnu/6.3.1/:/usr/lib/gcc/x86_64-pc-linux-gnu/6.3.1/../../../../lib/:/lib/../lib/:/usr/lib/../lib/:/usr/lib/gcc/x86_64-pc-linux-gnu/6.3.1/../../../:/lib/:/usr/lib/
COLLECT_GCC_OPTIONS='-v' '-o' 'cmTC_ba27f' '-mtune=generic' '-march=x86-64'
 /usr/lib/gcc/x86_64-pc-linux-gnu/6.3.1/collect2 -plugin /usr/lib/gcc/x86_64-pc-linux-gnu/6.3.1/liblto_plugin.so -plugin-opt=/usr/lib/gcc/x86_64-pc-linux-gnu/6.3.1/lto-wrapper -plugin-opt=-fresolution=/tmp/ccGtBa53.res -plugin-opt=-pass-through=-lgcc -plugin-opt=-pass-through=-lgcc_s -plugin-opt=-pass-through=-lc -plugin-opt=-pass-through=-lgcc -plugin-opt=-pass-through=-lgcc_s --build-id --eh-frame-hdr --hash-style=gnu -m elf_x86_64 -dynamic-linker /lib64/ld-linux-x86-64.so.2 -o cmTC_ba27f /usr/lib/gcc/x86_64-pc-linux-gnu/6.3.1/../../../../lib/crt1.o /usr/lib/gcc/x86_64-pc-linux-gnu/6.3.1/../../../../lib/crti.o /usr/lib/gcc/x86_64-pc-linux-gnu/6.3.1/crtbegin.o -L/usr/lib/gcc/x86_64-pc-linux-gnu/6.3.1 -L/usr/lib/gcc/x86_64-pc-linux-gnu/6.3.1/../../../../lib -L/lib/../lib -L/usr/lib/../lib -L/usr/lib/gcc/x86_64-pc-linux-gnu/6.3.1/../../.. CMakeFiles/cmTC_ba27f.dir/CMakeCCompilerABI.c.o -lgcc --as-needed -lgcc_s --no-as-needed -lc -lgcc --as-needed -lgcc_s --no-as-needed /usr/lib/gcc/x86_64-pc-linux-gnu/6.3.1/crtend.o /usr/lib/gcc/x86_64-pc-linux-gnu/6.3.1/../../../../lib/crtn.o
COLLECT_GCC_OPTIONS='-v' '-o' 'cmTC_ba27f' '-mtune=generic' '-march=x86-64'
make[1]: Leaving directory '/home/mariashka/uni/nets/cmake-build-debug/CMakeFiles/CMakeTmp'


Parsed C implicit link information from above output:
  link line regex: [^( *|.*[/\])(ld|([^/\]+-)?ld|collect2)[^/\]*( |$)]
  ignore line: [Change Dir: /home/mariashka/uni/nets/cmake-build-debug/CMakeFiles/CMakeTmp]
  ignore line: []
  ignore line: [Run Build Command:"/usr/bin/make" "cmTC_ba27f/fast"]
  ignore line: [/usr/bin/make -f CMakeFiles/cmTC_ba27f.dir/build.make CMakeFiles/cmTC_ba27f.dir/build]
  ignore line: [make[1]: Entering directory '/home/mariashka/uni/nets/cmake-build-debug/CMakeFiles/CMakeTmp']
  ignore line: [Building C object CMakeFiles/cmTC_ba27f.dir/CMakeCCompilerABI.c.o]
  ignore line: [/usr/bin/cc     -o CMakeFiles/cmTC_ba27f.dir/CMakeCCompilerABI.c.o   -c /opt/clion/bin/cmake/share/cmake-3.6/Modules/CMakeCCompilerABI.c]
  ignore line: [Linking C executable cmTC_ba27f]
  ignore line: [/opt/clion/bin/cmake/bin/cmake -E cmake_link_script CMakeFiles/cmTC_ba27f.dir/link.txt --verbose=1]
  ignore line: [/usr/bin/cc      -v CMakeFiles/cmTC_ba27f.dir/CMakeCCompilerABI.c.o  -o cmTC_ba27f  ]
  ignore line: [Using built-in specs.]
  ignore line: [COLLECT_GCC=/usr/bin/cc]
  ignore line: [COLLECT_LTO_WRAPPER=/usr/lib/gcc/x86_64-pc-linux-gnu/6.3.1/lto-wrapper]
  ignore line: [Target: x86_64-pc-linux-gnu]
  ignore line: [Configured with: /build/gcc-multilib/src/gcc/configure --prefix=/usr --libdir=/usr/lib --libexecdir=/usr/lib --mandir=/usr/share/man --infodir=/usr/share/info --with-bugurl=https://bugs.archlinux.org/ --enable-languages=c,c++,ada,fortran,go,lto,objc,obj-c++ --enable-shared --enable-threads=posix --enable-libmpx --with-system-zlib --with-isl --enable-__cxa_atexit --disable-libunwind-exceptions --enable-clocale=gnu --disable-libstdcxx-pch --disable-libssp --enable-gnu-unique-object --enable-linker-build-id --enable-lto --enable-plugin --enable-install-libiberty --with-linker-hash-style=gnu --enable-gnu-indirect-function --enable-multilib --disable-werror --enable-checking=release]
  ignore line: [Thread model: posix]
  ignore line: [gcc version 6.3.1 20170109 (GCC) ]
  ignore line: [COMPILER_PATH=/usr/lib/gcc/x86_64-pc-linux-gnu/6.3.1/:/usr/lib/gcc/x86_64-pc-linux-gnu/6.3.1/:/usr/lib/gcc/x86_64-pc-linux-gnu/:/usr/lib/gcc/x86_64-pc-linux-gnu/6.3.1/:/usr/lib/gcc/x86_64-pc-linux-gnu/]
  ignore line: [LIBRARY_PATH=/usr/lib/gcc/x86_64-pc-linux-gnu/6.3.1/:/usr/lib/gcc/x86_64-pc-linux-gnu/6.3.1/../../../../lib/:/lib/../lib/:/usr/lib/../lib/:/usr/lib/gcc/x86_64-pc-linux-gnu/6.3.1/../../../:/lib/:/usr/lib/]
  ignore line: [COLLECT_GCC_OPTIONS='-v' '-o' 'cmTC_ba27f' '-mtune=generic' '-march=x86-64']
  link line: [ /usr/lib/gcc/x86_64-pc-linux-gnu/6.3.1/collect2 -plugin /usr/lib/gcc/x86_64-pc-linux-gnu/6.3.1/liblto_plugin.so -plugin-opt=/usr/lib/gcc/x86_64-pc-linux-gnu/6.3.1/lto-wrapper -plugin-opt=-fresolution=/tmp/ccGtBa53.res -plugin-opt=-pass-through=-lgcc -plugin-opt=-pass-through=-lgcc_s -plugin-opt=-pass-through=-lc -plugin-opt=-pass-through=-lgcc -plugin-opt=-pass-through=-lgcc_s --build-id --eh-frame-hdr --hash-style=gnu -m elf_x86_64 -dynamic-linker /lib64/ld-linux-x86-64.so.2 -o cmTC_ba27f /usr/lib/gcc/x86_64-pc-linux-gnu/6.3.1/../../../../lib/crt1.o /usr/lib/gcc/x86_64-pc-linux-gnu/6.3.1/../../../../lib/crti.o /usr/lib/gcc/x86_64-pc-linux-gnu/6.3.1/crtbegin.o -L/usr/lib/gcc/x86_64-pc-linux-gnu/6.3.1 -L/usr/lib/gcc/x86_64-pc-linux-gnu/6.3.1/../../../../lib -L/lib/../lib -L/usr/lib/../lib -L/usr/lib/gcc/x86_64-pc-linux-gnu/6.3.1/../../.. CMakeFiles/cmTC_ba27f.dir/CMakeCCompilerABI.c.o -lgcc --as-needed -lgcc_s --no-as-needed -lc -lgcc --as-needed -lgcc_s --no-as-needed /usr/lib/gcc/x86_64-pc-linux-gnu/6.3.1/crtend.o /usr/lib/gcc/x86_64-pc-linux-gnu/6.3.1/../../../../lib/crtn.o]
    arg [/usr/lib/gcc/x86_64-pc-linux-gnu/6.3.1/collect2] ==> ignore
    arg [-plugin] ==> ignore
    arg [/usr/lib/gcc/x86_64-pc-linux-gnu/6.3.1/liblto_plugin.so] ==> ignore
    arg [-plugin-opt=/usr/lib/gcc/x86_64-pc-linux-gnu/6.3.1/lto-wrapper] ==> ignore
    arg [-plugin-opt=-fresolution=/tmp/ccGtBa53.res] ==> ignore
    arg [-plugin-opt=-pass-through=-lgcc] ==> ignore
    arg [-plugin-opt=-pass-through=-lgcc_s] ==> ignore
    arg [-plugin-opt=-pass-through=-lc] ==> ignore
    arg [-plugin-opt=-pass-through=-lgcc] ==> ignore
    arg [-plugin-opt=-pass-through=-lgcc_s] ==> ignore
    arg [--build-id] ==> ignore
    arg [--eh-frame-hdr] ==> ignore
    arg [--hash-style=gnu] ==> ignore
    arg [-m] ==> ignore
    arg [elf_x86_64] ==> ignore
    arg [-dynamic-linker] ==> ignore
    arg [/lib64/ld-linux-x86-64.so.2] ==> ignore
    arg [-o] ==> ignore
    arg [cmTC_ba27f] ==> ignore
    arg [/usr/lib/gcc/x86_64-pc-linux-gnu/6.3.1/../../../../lib/crt1.o] ==> ignore
    arg [/usr/lib/gcc/x86_64-pc-linux-gnu/6.3.1/../../../../lib/crti.o] ==> ignore
    arg [/usr/lib/gcc/x86_64-pc-linux-gnu/6.3.1/crtbegin.o] ==> ignore
    arg [-L/usr/lib/gcc/x86_64-pc-linux-gnu/6.3.1] ==> dir [/usr/lib/gcc/x86_64-pc-linux-gnu/6.3.1]
    arg [-L/usr/lib/gcc/x86_64-pc-linux-gnu/6.3.1/../../../../lib] ==> dir [/usr/lib/gcc/x86_64-pc-linux-gnu/6.3.1/../../../../lib]
    arg [-L/lib/../lib] ==> dir [/lib/../lib]
    arg [-L/usr/lib/../lib] ==> dir [/usr/lib/../lib]
    arg [-L/usr/lib/gcc/x86_64-pc-linux-gnu/6.3.1/../../..] ==> dir [/usr/lib/gcc/x86_64-pc-linux-gnu/6.3.1/../../..]
    arg [CMakeFiles/cmTC_ba27f.dir/CMakeCCompilerABI.c.o] ==> ignore
    arg [-lgcc] ==> lib [gcc]
    arg [--as-needed] ==> ignore
    arg [-lgcc_s] ==> lib [gcc_s]
    arg [--no-as-needed] ==> ignore
    arg [-lc] ==> lib [c]
    arg [-lgcc] ==> lib [gcc]
    arg [--as-needed] ==> ignore
    arg [-lgcc_s] ==> lib [gcc_s]
    arg [--no-as-needed] ==> ignore
    arg [/usr/lib/gcc/x86_64-pc-linux-gnu/6.3.1/crtend.o] ==> ignore
    arg [/usr/lib/gcc/x86_64-pc-linux-gnu/6.3.1/../../../../lib/crtn.o] ==> ignore
  remove lib [gcc]
  remove lib [gcc_s]
  remove lib [gcc]
  remove lib [gcc_s]
  collapse library dir [/usr/lib/gcc/x86_64-pc-linux-gnu/6.3.1] ==> [/usr/lib/gcc/x86_64-pc-linux-gnu/6.3.1]
  collapse library dir [/usr/lib/gcc/x86_64-pc-linux-gnu/6.3.1/../../../../lib] ==> [/usr/lib]
  collapse library dir [/lib/../lib] ==> [/lib]
  collapse library dir [/usr/lib/../lib] ==> [/usr/lib]
  collapse library dir [/usr/lib/gcc/x86_64-pc-linux-gnu/6.3.1/../../..] ==> [/usr/lib]
  implicit libs: [c]
  implicit dirs: [/usr/lib/gcc/x86_64-pc-linux-gnu/6.3.1;/usr/lib;/lib]
  implicit fwks: []




Detecting C [-std=c11] compiler features compiled with the following output:
Change Dir: /home/mariashka/uni/nets/cmake-build-debug/CMakeFiles/CMakeTmp

Run Build Command:"/usr/bin/make" "cmTC_dd7ab/fast"
/usr/bin/make -f CMakeFiles/cmTC_dd7ab.dir/build.make CMakeFiles/cmTC_dd7ab.dir/build
make[1]: Entering directory '/home/mariashka/uni/nets/cmake-build-debug/CMakeFiles/CMakeTmp'
Building C object CMakeFiles/cmTC_dd7ab.dir/feature_tests.c.o
/usr/bin/cc    -std=c11 -o CMakeFiles/cmTC_dd7ab.dir/feature_tests.c.o   -c /home/mariashka/uni/nets/cmake-build-debug/CMakeFiles/feature_tests.c
Linking C executable cmTC_dd7ab
/opt/clion/bin/cmake/bin/cmake -E cmake_link_script CMakeFiles/cmTC_dd7ab.dir/link.txt --verbose=1
/usr/bin/cc       CMakeFiles/cmTC_dd7ab.dir/feature_tests.c.o  -o cmTC_dd7ab 
make[1]: Leaving directory '/home/mariashka/uni/nets/cmake-build-debug/CMakeFiles/CMakeTmp'


    Feature record: C_FEATURE:1c_function_prototypes
    Feature record: C_FEATURE:1c_restrict
    Feature record: C_FEATURE:1c_static_assert
    Feature record: C_FEATURE:1c_variadic_macros


Detecting C [-std=c99] compiler features compiled with the following output:
Change Dir: /home/mariashka/uni/nets/cmake-build-debug/CMakeFiles/CMakeTmp

Run Build Command:"/usr/bin/make" "cmTC_21b37/fast"
/usr/bin/make -f CMakeFiles/cmTC_21b37.dir/build.make CMakeFiles/cmTC_21b37.dir/build
make[1]: Entering directory '/home/mariashka/uni/nets/cmake-build-debug/CMakeFiles/CMakeTmp'
Building C object CMakeFiles/cmTC_21b37.dir/feature_tests.c.o
/usr/bin/cc    -std=c99 -o CMakeFiles/cmTC_21b37.dir/feature_tests.c.o   -c /home/mariashka/uni/nets/cmake-build-debug/CMakeFiles/feature_tests.c
Linking C executable cmTC_21b37
/opt/clion/bin/cmake/bin/cmake -E cmake_link_script CMakeFiles/cmTC_21b37.dir/link.txt --verbose=1
/usr/bin/cc       CMakeFiles/cmTC_21b37.dir/feature_tests.c.o  -o cmTC_21b37 
make[1]: Leaving directory '/home/mariashka/uni/nets/cmake-build-debug/CMakeFiles/CMakeTmp'


    Feature record: C_FEATURE:1c_function_prototypes
    Feature record: C_FEATURE:1c_restrict
    Feature record: C_FEATURE:0c_static_assert
    Feature record: C_FEATURE:1c_variadic_macros


Detecting C [-std=c90] compiler features compiled with the following output:
Change Dir: /home/mariashka/uni/nets/cmake-build-debug/CMakeFiles/CMakeTmp

Run Build Command:"/usr/bin/make" "cmTC_eda7b/fast"
/usr/bin/make -f CMakeFiles/cmTC_eda7b.dir/build.make CMakeFiles/cmTC_eda7b.dir/build
make[1]: Entering directory '/home/mariashka/uni/nets/cmake-build-debug/CMakeFiles/CMakeTmp'
Building C object CMakeFiles/cmTC_eda7b.dir/feature_tests.c.o
/usr/bin/cc    -std=c90 -o CMakeFiles/cmTC_eda7b.dir/feature_tests.c.o   -c /home/mariashka/uni/nets/cmake-build-debug/CMakeFiles/feature_tests.c
Linking C executable cmTC_eda7b
/opt/clion/bin/cmake/bin/cmake -E cmake_link_script CMakeFiles/cmTC_eda7b.dir/link.txt --verbose=1
/usr/bin/cc       CMakeFiles/cmTC_eda7b.dir/feature_tests.c.o  -o cmTC_eda7b 
make[1]: Leaving directory '/home/mariashka/uni/nets/cmake-build-debug/CMakeFiles/CMakeTmp'


    Feature record: C_FEATURE:1c_function_prototypes
    Feature record: C_FEATURE:0c_restrict
    Feature record: C_FEATURE:0c_static_assert
    Feature record: C_FEATURE:0c_variadic_macros
Determining if the CXX compiler works passed with the following output:
Change Dir: /home/mariashka/uni/nets/cmake-build-debug/CMakeFiles/CMakeTmp

Run Build Command:"/usr/bin/make" "cmTC_83b8a/fast"
/usr/bin/make -f CMakeFiles/cmTC_83b8a.dir/build.make CMakeFiles/cmTC_83b8a.dir/build
make[1]: Entering directory '/home/mariashka/uni/nets/cmake-build-debug/CMakeFiles/CMakeTmp'
Building CXX object CMakeFiles/cmTC_83b8a.dir/testCXXCompiler.cxx.o
/usr/bin/c++      -o CMakeFiles/cmTC_83b8a.dir/testCXXCompiler.cxx.o -c /home/mariashka/uni/nets/cmake-build-debug/CMakeFiles/CMakeTmp/testCXXCompiler.cxx
Linking CXX executable cmTC_83b8a
/opt/clion/bin/cmake/bin/cmake -E cmake_link_script CMakeFiles/cmTC_83b8a.dir/link.txt --verbose=1
/usr/bin/c++        CMakeFiles/cmTC_83b8a.dir/testCXXCompiler.cxx.o  -o cmTC_83b8a 
make[1]: Leaving directory '/home/mariashka/uni/nets/cmake-build-debug/CMakeFiles/CMakeTmp'


Detecting CXX compiler ABI info compiled with the following output:
Change Dir: /home/mariashka/uni/nets/cmake-build-debug/CMakeFiles/CMakeTmp

Run Build Command:"/usr/bin/make" "cmTC_ccf3a/fast"
/usr/bin/make -f CMakeFiles/cmTC_ccf3a.dir/build.make CMakeFiles/cmTC_ccf3a.dir/build
make[1]: Entering directory '/home/mariashka/uni/nets/cmake-build-debug/CMakeFiles/CMakeTmp'
Building CXX object CMakeFiles/cmTC_ccf3a.dir/CMakeCXXCompilerABI.cpp.o
/usr/bin/c++      -o CMakeFiles/cmTC_ccf3a.dir/CMakeCXXCompilerABI.cpp.o -c /opt/clion/bin/cmake/share/cmake-3.6/Modules/CMakeCXXCompilerABI.cpp
Linking CXX executable cmTC_ccf3a
/opt/clion/bin/cmake/bin/cmake -E cmake_link_script CMakeFiles/cmTC_ccf3a.dir/link.txt --verbose=1
/usr/bin/c++       -v CMakeFiles/cmTC_ccf3a.dir/CMakeCXXCompilerABI.cpp.o  -o cmTC_ccf3a  
Using built-in specs.
COLLECT_GCC=/usr/bin/c++
COLLECT_LTO_WRAPPER=/usr/lib/gcc/x86_64-pc-linux-gnu/6.3.1/lto-wrapper
Target: x86_64-pc-linux-gnu
Configured with: /build/gcc-multilib/src/gcc/configure --prefix=/usr --libdir=/usr/lib --libexecdir=/usr/lib --mandir=/usr/share/man --infodir=/usr/share/info --with-bugurl=https://bugs.archlinux.org/ --enable-languages=c,c++,ada,fortran,go,lto,objc,obj-c++ --enable-shared --enable-threads=posix --enable-libmpx --with-system-zlib --with-isl --enable-__cxa_atexit --disable-libunwind-exceptions --enable-clocale=gnu --disable-libstdcxx-pch --disable-libssp --enable-gnu-unique-object --enable-linker-build-id --enable-lto --enable-plugin --enable-install-libiberty --with-linker-hash-style=gnu --enable-gnu-indirect-function --enable-multilib --disable-werror --enable-checking=release
Thread model: posix
gcc version 6.3.1 20170109 (GCC) 
COMPILER_PATH=/usr/lib/gcc/x86_64-pc-linux-gnu/6.3.1/:/usr/lib/gcc/x86_64-pc-linux-gnu/6.3.1/:/usr/lib/gcc/x86_64-pc-linux-gnu/:/usr/lib/gcc/x86_64-pc-linux-gnu/6.3.1/:/usr/lib/gcc/x86_64-pc-linux-gnu/
LIBRARY_PATH=/usr/lib/gcc/x86_64-pc-linux-gnu/6.3.1/:/usr/lib/gcc/x86_64-pc-linux-gnu/6.3.1/../../../../lib/:/lib/../lib/:/usr/lib/../lib/:/usr/lib/gcc/x86_64-pc-linux-gnu/6.3.1/../../../:/lib/:/usr/lib/
COLLECT_GCC_OPTIONS='-v' '-o' 'cmTC_ccf3a' '-shared-libgcc' '-mtune=generic' '-march=x86-64'
 /usr/lib/gcc/x86_64-pc-linux-gnu/6.3.1/collect2 -plugin /usr/lib/gcc/x86_64-pc-linux-gnu/6.3.1/liblto_plugin.so -plugin-opt=/usr/lib/gcc/x86_64-pc-linux-gnu/6.3.1/lto-wrapper -plugin-opt=-fresolution=/tmp/ccRrqBBx.res -plugin-opt=-pass-through=-lgcc_s -plugin-opt=-pass-through=-lgcc -plugin-opt=-pass-through=-lc -plugin-opt=-pass-through=-lgcc_s -plugin-opt=-pass-through=-lgcc --build-id --eh-frame-hdr --hash-style=gnu -m elf_x86_64 -dynamic-linker /lib64/ld-linux-x86-64.so.2 -o cmTC_ccf3a /usr/lib/gcc/x86_64-pc-linux-gnu/6.3.1/../../../../lib/crt1.o /usr/lib/gcc/x86_64-pc-linux-gnu/6.3.1/../../../../lib/crti.o /usr/lib/gcc/x86_64-pc-linux-gnu/6.3.1/crtbegin.o -L/usr/lib/gcc/x86_64-pc-linux-gnu/6.3.1 -L/usr/lib/gcc/x86_64-pc-linux-gnu/6.3.1/../../../../lib -L/lib/../lib -L/usr/lib/../lib -L/usr/lib/gcc/x86_64-pc-linux-gnu/6.3.1/../../.. CMakeFiles/cmTC_ccf3a.dir/CMakeCXXCompilerABI.cpp.o -lstdc++ -lm -lgcc_s -lgcc -lc -lgcc_s -lgcc /usr/lib/gcc/x86_64-pc-linux-gnu/6.3.1/crtend.o /usr/lib/gcc/x86_64-pc-linux-gnu/6.3.1/../../../../lib/crtn.o
COLLECT_GCC_OPTIONS='-v' '-o' 'cmTC_ccf3a' '-shared-libgcc' '-mtune=generic' '-march=x86-64'
make[1]: Leaving directory '/home/mariashka/uni/nets/cmake-build-debug/CMakeFiles/CMakeTmp'


Parsed CXX implicit link information from above output:
  link line regex: [^( *|.*[/\])(ld|([^/\]+-)?ld|collect2)[^/\]*( |$)]
  ignore line: [Change Dir: /home/mariashka/uni/nets/cmake-build-debug/CMakeFiles/CMakeTmp]
  ignore line: []
  ignore line: [Run Build Command:"/usr/bin/make" "cmTC_ccf3a/fast"]
  ignore line: [/usr/bin/make -f CMakeFiles/cmTC_ccf3a.dir/build.make CMakeFiles/cmTC_ccf3a.dir/build]
  ignore line: [make[1]: Entering directory '/home/mariashka/uni/nets/cmake-build-debug/CMakeFiles/CMakeTmp']
  ignore line: [Building CXX object CMakeFiles/cmTC_ccf3a.dir/CMakeCXXCompilerABI.cpp.o]
  ignore line: [/usr/bin/c++      -o CMakeFiles/cmTC_ccf3a.dir/CMakeCXXCompilerABI.cpp.o -c /opt/clion/bin/cmake/share/cmake-3.6/Modules/CMakeCXXCompilerABI.cpp]
  ignore line: [Linking CXX executable cmTC_ccf3a]
  ignore line: [/opt/clion/bin/cmake/bin/cmake -E cmake_link_script CMakeFiles/cmTC_ccf3a.dir/link.txt --verbose=1]
  ignore line: [/usr/bin/c++       -v CMakeFiles/cmTC_ccf3a.dir/CMakeCXXCompilerABI.cpp.o  -o cmTC_ccf3a  ]
  ignore line: [Using built-in specs.]
  ignore line: [COLLECT_GCC=/usr/bin/c++]
  ignore line: [COLLECT_LTO_WRAPPER=/usr/lib/gcc/x86_64-pc-linux-gnu/6.3.1/lto-wrapper]
  ignore line: [Target: x86_64-pc-linux-gnu]
  ignore line: [Configured with: /build/gcc-multilib/src/gcc/configure --prefix=/usr --libdir=/usr/lib --libexecdir=/usr/lib --mandir=/usr/share/man --infodir=/usr/share/info --with-bugurl=https://bugs.archlinux.org/ --enable-languages=c,c++,ada,fortran,go,lto,objc,obj-c++ --enable-shared --enable-threads=posix --enable-libmpx --with-system-zlib --with-isl --enable-__cxa_atexit --disable-libunwind-exceptions --enable-clocale=gnu --disable-libstdcxx-pch --disable-libssp --enable-gnu-unique-object --enable-linker-build-id --enable-lto --enable-plugin --enable-install-libiberty --with-linker-hash-style=gnu --enable-gnu-indirect-function --enable-multilib --disable-werror --enable-checking=release]
  ignore line: [Thread model: posix]
  ignore line: [gcc version 6.3.1 20170109 (GCC) ]
  ignore line: [COMPILER_PATH=/usr/lib/gcc/x86_64-pc-linux-gnu/6.3.1/:/usr/lib/gcc/x86_64-pc-linux-gnu/6.3.1/:/usr/lib/gcc/x86_64-pc-linux-gnu/:/usr/lib/gcc/x86_64-pc-linux-gnu/6.3.1/:/usr/lib/gcc/x86_64-pc-linux-gnu/]
  ignore line: [LIBRARY_PATH=/usr/lib/gcc/x86_64-pc-linux-gnu/6.3.1/:/usr/lib/gcc/x86_64-pc-linux-gnu/6.3.1/../../../../lib/:/lib/../lib/:/usr/lib/../lib/:/usr/lib/gcc/x86_64-pc-linux-gnu/6.3.1/../../../:/lib/:/usr/lib/]
  ignore line: [COLLECT_GCC_OPTIONS='-v' '-o' 'cmTC_ccf3a' '-shared-libgcc' '-mtune=generic' '-march=x86-64']
  link line: [ /usr/lib/gcc/x86_64-pc-linux-gnu/6.3.1/collect2 -plugin /usr/lib/gcc/x86_64-pc-linux-gnu/6.3.1/liblto_plugin.so -plugin-opt=/usr/lib/gcc/x86_64-pc-linux-gnu/6.3.1/lto-wrapper -plugin-opt=-fresolution=/tmp/ccRrqBBx.res -plugin-opt=-pass-through=-lgcc_s -plugin-opt=-pass-through=-lgcc -plugin-opt=-pass-through=-lc -plugin-opt=-pass-through=-lgcc_s -plugin-opt=-pass-through=-lgcc --build-id --eh-frame-hdr --hash-style=gnu -m elf_x86_64 -dynamic-linker /lib64/ld-linux-x86-64.so.2 -o cmTC_ccf3a /usr/lib/gcc/x86_64-pc-linux-gnu/6.3.1/../../../../lib/crt1.o /usr/lib/gcc/x86_64-pc-linux-gnu/6.3.1/../../../../lib/crti.o /usr/lib/gcc/x86_64-pc-linux-gnu/6.3.1/crtbegin.o -L/usr/lib/gcc/x86_64-pc-linux-gnu/6.3.1 -L/usr/lib/gcc/x86_64-pc-linux-gnu/6.3.1/../../../../lib -L/lib/../lib -L/usr/lib/../lib -L/usr/lib/gcc/x86_64-pc-linux-gnu/6.3.1/../../.. CMakeFiles/cmTC_ccf3a.dir/CMakeCXXCompilerABI.cpp.o -lstdc++ -lm -lgcc_s -lgcc -lc -lgcc_s -lgcc /usr/lib/gcc/x86_64-pc-linux-gnu/6.3.1/crtend.o /usr/lib/gcc/x86_64-pc-linux-gnu/6.3.1/../../../../lib/crtn.o]
    arg [/usr/lib/gcc/x86_64-pc-linux-gnu/6.3.1/collect2] ==> ignore
    arg [-plugin] ==> ignore
    arg [/usr/lib/gcc/x86_64-pc-linux-gnu/6.3.1/liblto_plugin.so] ==> ignore
    arg [-plugin-opt=/usr/lib/gcc/x86_64-pc-linux-gnu/6.3.1/lto-wrapper] ==> ignore
    arg [-plugin-opt=-fresolution=/tmp/ccRrqBBx.res] ==> ignore
    arg [-plugin-opt=-pass-through=-lgcc_s] ==> ignore
    arg [-plugin-opt=-pass-through=-lgcc] ==> ignore
    arg [-plugin-opt=-pass-through=-lc] ==> ignore
    arg [-plugin-opt=-pass-through=-lgcc_s] ==> ignore
    arg [-plugin-opt=-pass-through=-lgcc] ==> ignore
    arg [--build-id] ==> ignore
    arg [--eh-frame-hdr] ==> ignore
    arg [--hash-style=gnu] ==> ignore
    arg [-m] ==> ignore
    arg [elf_x86_64] ==> ignore
    arg [-dynamic-linker] ==> ignore
    arg [/lib64/ld-linux-x86-64.so.2] ==> ignore
    arg [-o] ==> ignore
    arg [cmTC_ccf3a] ==> ignore
    arg [/usr/lib/gcc/x86_64-pc-linux-gnu/6.3.1/../../../../lib/crt1.o] ==> ignore
    arg [/usr/lib/gcc/x86_64-pc-linux-gnu/6.3.1/../../../../lib/crti.o] ==> ignore
    arg [/usr/lib/gcc/x86_64-pc-linux-gnu/6.3.1/crtbegin.o] ==> ignore
    arg [-L/usr/lib/gcc/x86_64-pc-linux-gnu/6.3.1] ==> dir [/usr/lib/gcc/x86_64-pc-linux-gnu/6.3.1]
    arg [-L/usr/lib/gcc/x86_64-pc-linux-gnu/6.3.1/../../../../lib] ==> dir [/usr/lib/gcc/x86_64-pc-linux-gnu/6.3.1/../../../../lib]
    arg [-L/lib/../lib] ==> dir [/lib/../lib]
    arg [-L/usr/lib/../lib] ==> dir [/usr/lib/../lib]
    arg [-L/usr/lib/gcc/x86_64-pc-linux-gnu/6.3.1/../../..] ==> dir [/usr/lib/gcc/x86_64-pc-linux-gnu/6.3.1/../../..]
    arg [CMakeFiles/cmTC_ccf3a.dir/CMakeCXXCompilerABI.cpp.o] ==> ignore
    arg [-lstdc++] ==> lib [stdc++]
    arg [-lm] ==> lib [m]
    arg [-lgcc_s] ==> lib [gcc_s]
    arg [-lgcc] ==> lib [gcc]
    arg [-lc] ==> lib [c]
    arg [-lgcc_s] ==> lib [gcc_s]
    arg [-lgcc] ==> lib [gcc]
    arg [/usr/lib/gcc/x86_64-pc-linux-gnu/6.3.1/crtend.o] ==> ignore
    arg [/usr/lib/gcc/x86_64-pc-linux-gnu/6.3.1/../../../../lib/crtn.o] ==> ignore
  remove lib [gcc_s]
  remove lib [gcc]
  remove lib [gcc_s]
  remove lib [gcc]
  collapse library dir [/usr/lib/gcc/x86_64-pc-linux-gnu/6.3.1] ==> [/usr/lib/gcc/x86_64-pc-linux-gnu/6.3.1]
  collapse library dir [/usr/lib/gcc/x86_64-pc-linux-gnu/6.3.1/../../../../lib] ==> [/usr/lib]
  collapse library dir [/lib/../lib] ==> [/lib]
  collapse library dir [/usr/lib/../lib] ==> [/usr/lib]
  collapse library dir [/usr/lib/gcc/x86_64-pc-linux-gnu/6.3.1/../../..] ==> [/usr/lib]
  implicit libs: [stdc++;m;c]
  implicit dirs: [/usr/lib/gcc/x86_64-pc-linux-gnu/6.3.1;/usr/lib;/lib]
  implicit fwks: []




Detecting CXX [-std=c++14] compiler features compiled with the following output:
Change Dir: /home/mariashka/uni/nets/cmake-build-debug/CMakeFiles/CMakeTmp

Run Build Command:"/usr/bin/make" "cmTC_89ec0/fast"
/usr/bin/make -f CMakeFiles/cmTC_89ec0.dir/build.make CMakeFiles/cmTC_89ec0.dir/build
make[1]: Entering directory '/home/mariashka/uni/nets/cmake-build-debug/CMakeFiles/CMakeTmp'
Building CXX object CMakeFiles/cmTC_89ec0.dir/feature_tests.cxx.o
/usr/bin/c++     -std=c++14 -o CMakeFiles/cmTC_89ec0.dir/feature_tests.cxx.o -c /home/mariashka/uni/nets/cmake-build-debug/CMakeFiles/feature_tests.cxx
Linking CXX executable cmTC_89ec0
/opt/clion/bin/cmake/bin/cmake -E cmake_link_script CMakeFiles/cmTC_89ec0.dir/link.txt --verbose=1
/usr/bin/c++        CMakeFiles/cmTC_89ec0.dir/feature_tests.cxx.o  -o cmTC_89ec0 
make[1]: Leaving directory '/home/mariashka/uni/nets/cmake-build-debug/CMakeFiles/CMakeTmp'


    Feature record: CXX_FEATURE:1cxx_aggregate_default_initializers
    Feature record: CXX_FEATURE:1cxx_alias_templates
    Feature record: CXX_FEATURE:1cxx_alignas
    Feature record: CXX_FEATURE:1cxx_alignof
    Feature record: CXX_FEATURE:1cxx_attributes
    Feature record: CXX_FEATURE:1cxx_attribute_deprecated
    Feature record: CXX_FEATURE:1cxx_auto_type
    Feature record: CXX_FEATURE:1cxx_binary_literals
    Feature record: CXX_FEATURE:1cxx_constexpr
    Feature record: CXX_FEATURE:1cxx_contextual_conversions
    Feature record: CXX_FEATURE:1cxx_decltype
    Feature record: CXX_FEATURE:1cxx_decltype_auto
    Feature record: CXX_FEATURE:1cxx_decltype_incomplete_return_types
    Feature record: CXX_FEATURE:1cxx_default_function_template_args
    Feature record: CXX_FEATURE:1cxx_defaulted_functions
    Feature record: CXX_FEATURE:1cxx_defaulted_move_initializers
    Feature record: CXX_FEATURE:1cxx_delegating_constructors
    Feature record: CXX_FEATURE:1cxx_deleted_functions
    Feature record: CXX_FEATURE:1cxx_digit_separators
    Feature record: CXX_FEATURE:1cxx_enum_forward_declarations
    Feature record: CXX_FEATURE:1cxx_explicit_conversions
    Feature record: CXX_FEATURE:1cxx_extended_friend_declarations
    Feature record: CXX_FEATURE:1cxx_extern_templates
    Feature record: CXX_FEATURE:1cxx_final
    Feature record: CXX_FEATURE:1cxx_func_identifier
    Feature record: CXX_FEATURE:1cxx_generalized_initializers
    Feature record: CXX_FEATURE:1cxx_generic_lambdas
    Feature record: CXX_FEATURE:1cxx_inheriting_constructors
    Feature record: CXX_FEATURE:1cxx_inline_namespaces
    Feature record: CXX_FEATURE:1cxx_lambdas
    Feature record: CXX_FEATURE:1cxx_lambda_init_captures
    Feature record: CXX_FEATURE:1cxx_local_type_template_args
    Feature record: CXX_FEATURE:1cxx_long_long_type
    Feature record: CXX_FEATURE:1cxx_noexcept
    Feature record: CXX_FEATURE:1cxx_nonstatic_member_init
    Feature record: CXX_FEATURE:1cxx_nullptr
    Feature record: CXX_FEATURE:1cxx_override
    Feature record: CXX_FEATURE:1cxx_range_for
    Feature record: CXX_FEATURE:1cxx_raw_string_literals
    Feature record: CXX_FEATURE:1cxx_reference_qualified_functions
    Feature record: CXX_FEATURE:1cxx_relaxed_constexpr
    Feature record: CXX_FEATURE:1cxx_return_type_deduction
    Feature record: CXX_FEATURE:1cxx_right_angle_brackets
    Feature record: CXX_FEATURE:1cxx_rvalue_references
    Feature record: CXX_FEATURE:1cxx_sizeof_member
    Feature record: CXX_FEATURE:1cxx_static_assert
    Feature record: CXX_FEATURE:1cxx_strong_enums
    Feature record: CXX_FEATURE:1cxx_template_template_parameters
    Feature record: CXX_FEATURE:1cxx_thread_local
    Feature record: CXX_FEATURE:1cxx_trailing_return_types
    Feature record: CXX_FEATURE:1cxx_unicode_literals
    Feature record: CXX_FEATURE:1cxx_uniform_initialization
    Feature record: CXX_FEATURE:1cxx_unrestricted_unions
    Feature record: CXX_FEATURE:1cxx_user_literals
    Feature record: CXX_FEATURE:1cxx_variable_templates
    Feature record: CXX_FEATURE:1cxx_variadic_macros
    Feature record: CXX_FEATURE:1cxx_variadic_templates


Detecting CXX [-std=c++11] compiler features compiled with the following output:
Change Dir: /home/mariashka/uni/nets/cmake-build-debug/CMakeFiles/CMakeTmp

Run Build Command:"/usr/bin/make" "cmTC_258fa/fast"
/usr/bin/make -f CMakeFiles/cmTC_258fa.dir/build.make CMakeFiles/cmTC_258fa.dir/build
make[1]: Entering directory '/home/mariashka/uni/nets/cmake-build-debug/CMakeFiles/CMakeTmp'
Building CXX object CMakeFiles/cmTC_258fa.dir/feature_tests.cxx.o
/usr/bin/c++     -std=c++11 -o CMakeFiles/cmTC_258fa.dir/feature_tests.cxx.o -c /home/mariashka/uni/nets/cmake-build-debug/CMakeFiles/feature_tests.cxx
Linking CXX executable cmTC_258fa
/opt/clion/bin/cmake/bin/cmake -E cmake_link_script CMakeFiles/cmTC_258fa.dir/link.txt --verbose=1
/usr/bin/c++        CMakeFiles/cmTC_258fa.dir/feature_tests.cxx.o  -o cmTC_258fa 
make[1]: Leaving directory '/home/mariashka/uni/nets/cmake-build-debug/CMakeFiles/CMakeTmp'


    Feature record: CXX_FEATURE:0cxx_aggregate_default_initializers
    Feature record: CXX_FEATURE:1cxx_alias_templates
    Feature record: CXX_FEATURE:1cxx_alignas
    Feature record: CXX_FEATURE:1cxx_alignof
    Feature record: CXX_FEATURE:1cxx_attributes
    Feature record: CXX_FEATURE:0cxx_attribute_deprecated
    Feature record: CXX_FEATURE:1cxx_auto_type
    Feature record: CXX_FEATURE:0cxx_binary_literals
    Feature record: CXX_FEATURE:1cxx_constexpr
    Feature record: CXX_FEATURE:0cxx_contextual_conversions
    Feature record: CXX_FEATURE:1cxx_decltype
    Feature record: CXX_FEATURE:0cxx_decltype_auto
    Feature record: CXX_FEATURE:1cxx_decltype_incomplete_return_types
    Feature record: CXX_FEATURE:1cxx_default_function_template_args
    Feature record: CXX_FEATURE:1cxx_defaulted_functions
    Feature record: CXX_FEATURE:1cxx_defaulted_move_initializers
    Feature record: CXX_FEATURE:1cxx_delegating_constructors
    Feature record: CXX_FEATURE:1cxx_deleted_functions
    Feature record: CXX_FEATURE:0cxx_digit_separators
    Feature record: CXX_FEATURE:1cxx_enum_forward_declarations
    Feature record: CXX_FEATURE:1cxx_explicit_conversions
    Feature record: CXX_FEATURE:1cxx_extended_friend_declarations
    Feature record: CXX_FEATURE:1cxx_extern_templates
    Feature record: CXX_FEATURE:1cxx_final
    Feature record: CXX_FEATURE:1cxx_func_identifier
    Feature record: CXX_FEATURE:1cxx_generalized_initializers
    Feature record: CXX_FEATURE:0cxx_generic_lambdas
    Feature record: CXX_FEATURE:1cxx_inheriting_constructors
    Feature record: CXX_FEATURE:1cxx_inline_namespaces
    Feature record: CXX_FEATURE:1cxx_lambdas
    Feature record: CXX_FEATURE:0cxx_lambda_init_captures
    Feature record: CXX_FEATURE:1cxx_local_type_template_args
    Feature record: CXX_FEATURE:1cxx_long_long_type
    Feature record: CXX_FEATURE:1cxx_noexcept
    Feature record: CXX_FEATURE:1cxx_nonstatic_member_init
    Feature record: CXX_FEATURE:1cxx_nullptr
    Feature record: CXX_FEATURE:1cxx_override
    Feature record: CXX_FEATURE:1cxx_range_for
    Feature record: CXX_FEATURE:1cxx_raw_string_literals
    Feature record: CXX_FEATURE:1cxx_reference_qualified_functions
    Feature record: CXX_FEATURE:0cxx_relaxed_constexpr
    Feature record: CXX_FEATURE:0cxx_return_type_deduction
    Feature record: CXX_FEATURE:1cxx_right_angle_brackets
    Feature record: CXX_FEATURE:1cxx_rvalue_references
    Feature record: CXX_FEATURE:1cxx_sizeof_member
    Feature record: CXX_FEATURE:1cxx_static_assert
    Feature record: CXX_FEATURE:1cxx_strong_enums
    Feature record: CXX_FEATURE:1cxx_template_template_parameters
    Feature record: CXX_FEATURE:1cxx_thread_local
    Feature record: CXX_FEATURE:1cxx_trailing_return_types
    Feature record: CXX_FEATURE:1cxx_unicode_literals
    Feature record: CXX_FEATURE:1cxx_uniform_initialization
    Feature record: CXX_FEATURE:1cxx_unrestricted_unions
    Feature record: CXX_FEATURE:1cxx_user_literals
    Feature record: CXX_FEATURE:0cxx_variable_templates
    Feature record: CXX_FEATURE:1cxx_variadic_macros
    Feature record: CXX_FEATURE:1cxx_variadic_templates


Detecting CXX [-std=c++98] compiler features compiled with the following output:
Change Dir: /home/mariashka/uni/nets/cmake-build-debug/CMakeFiles/CMakeTmp

Run Build Command:"/usr/bin/make" "cmTC_f9af4/fast"
/usr/bin/make -f CMakeFiles/cmTC_f9af4.dir/build.make CMakeFiles/cmTC_f9af4.dir/build
make[1]: Entering directory '/home/mariashka/uni/nets/cmake-build-debug/CMakeFiles/CMakeTmp'
Building CXX object CMakeFiles/cmTC_f9af4.dir/feature_tests.cxx.o
/usr/bin/c++     -std=c++98 -o CMakeFiles/cmTC_f9af4.dir/feature_tests.cxx.o -c /home/mariashka/uni/nets/cmake-build-debug/CMakeFiles/feature_tests.cxx
Linking CXX executable cmTC_f9af4
/opt/clion/bin/cmake/bin/cmake -E cmake_link_script CMakeFiles/cmTC_f9af4.dir/link.txt --verbose=1
/usr/bin/c++        CMakeFiles/cmTC_f9af4.dir/feature_tests.cxx.o  -o cmTC_f9af4 
make[1]: Leaving directory '/home/mariashka/uni/nets/cmake-build-debug/CMakeFiles/CMakeTmp'


    Feature record: CXX_FEATURE:0cxx_aggregate_default_initializers
    Feature record: CXX_FEATURE:0cxx_alias_templates
    Feature record: CXX_FEATURE:0cxx_alignas
    Feature record: CXX_FEATURE:0cxx_alignof
    Feature record: CXX_FEATURE:0cxx_attributes
    Feature record: CXX_FEATURE:0cxx_attribute_deprecated
    Feature record: CXX_FEATURE:0cxx_auto_type
    Feature record: CXX_FEATURE:0cxx_binary_literals
    Feature record: CXX_FEATURE:0cxx_constexpr
    Feature record: CXX_FEATURE:0cxx_contextual_conversions
    Feature record: CXX_FEATURE:0cxx_decltype
    Feature record: CXX_FEATURE:0cxx_decltype_auto
    Feature record: CXX_FEATURE:0cxx_decltype_incomplete_return_types
    Feature record: CXX_FEATURE:0cxx_default_function_template_args
    Feature record: CXX_FEATURE:0cxx_defaulted_functions
    Feature record: CXX_FEATURE:0cxx_defaulted_move_initializers
    Feature record: CXX_FEATURE:0cxx_delegating_constructors
    Feature record: CXX_FEATURE:0cxx_deleted_functions
    Feature record: CXX_FEATURE:0cxx_digit_separators
    Feature record: CXX_FEATURE:0cxx_enum_forward_declarations
    Feature record: CXX_FEATURE:0cxx_explicit_conversions
    Feature record: CXX_FEATURE:0cxx_extended_friend_declarations
    Feature record: CXX_FEATURE:0cxx_extern_templates
    Feature record: CXX_FEATURE:0cxx_final
    Feature record: CXX_FEATURE:0cxx_func_identifier
    Feature record: CXX_FEATURE:0cxx_generalized_initializers
    Feature record: CXX_FEATURE:0cxx_generic_lambdas
    Feature record: CXX_FEATURE:0cxx_inheriting_constructors
    Feature record: CXX_FEATURE:0cxx_inline_namespaces
    Feature record: CXX_FEATURE:0cxx_lambdas
    Feature record: CXX_FEATURE:0cxx_lambda_init_captures
    Feature record: CXX_FEATURE:0cxx_local_type_template_args
    Feature record: CXX_FEATURE:0cxx_long_long_type
    Feature record: CXX_FEATURE:0cxx_noexcept
    Feature record: CXX_FEATURE:0cxx_nonstatic_member_init
    Feature record: CXX_FEATURE:0cxx_nullptr
    Feature record: CXX_FEATURE:0cxx_override
    Feature record: CXX_FEATURE:0cxx_range_for
    Feature record: CXX_FEATURE:0cxx_raw_string_literals
    Feature record: CXX_FEATURE:0cxx_reference_qualified_functions
    Feature record: CXX_FEATURE:0cxx_relaxed_constexpr
    Feature record: CXX_FEATURE:0cxx_return_type_deduction
    Feature record: CXX_FEATURE:0cxx_right_angle_brackets
    Feature record: CXX_FEATURE:0cxx_rvalue_references
    Feature record: CXX_FEATURE:0cxx_sizeof_member
    Feature record: CXX_FEATURE:0cxx_static_assert
    Feature record: CXX_FEATURE:0cxx_strong_enums
    Feature record: CXX_FEATURE:1cxx_template_template_parameters
    Feature record: CXX_FEATURE:0cxx_thread_local
    Feature record: CXX_FEATURE:0cxx_trailing_return_types
    Feature record: CXX_FEATURE:0cxx_unicode_literals
    Feature record: CXX_FEATURE:0cxx_uniform_initialization
    Feature record: CXX_FEATURE:0cxx_unrestricted_unions
    Feature record: CXX_FEATURE:0cxx_user_literals
    Feature record: CXX_FEATURE:0cxx_variable_templates
    Feature record: CXX_FEATURE:0cxx_variadic_macros
    Feature record: CXX_FEATURE:0cxx_variadic_templates
Determining if the include file pthread.h exists passed with the following output:
Change Dir: /home/mariashka/uni/nets/cmake-build-debug/CMakeFiles/CMakeTmp

Run Build Command:"/usr/bin/make" "cmTC_31fb8/fast"
/usr/bin/make -f CMakeFiles/cmTC_31fb8.dir/build.make CMakeFiles/cmTC_31fb8.dir/build
make[1]: Entering directory '/home/mariashka/uni/nets/cmake-build-debug/CMakeFiles/CMakeTmp'
Building C object CMakeFiles/cmTC_31fb8.dir/CheckIncludeFile.c.o
/usr/bin/cc     -o CMakeFiles/cmTC_31fb8.dir/CheckIncludeFile.c.o   -c /home/mariashka/uni/nets/cmake-build-debug/CMakeFiles/CMakeTmp/CheckIncludeFile.c
Linking C executable cmTC_31fb8
/opt/clion/bin/cmake/bin/cmake -E cmake_link_script CMakeFiles/cmTC_31fb8.dir/link.txt --verbose=1
/usr/bin/cc       CMakeFiles/cmTC_31fb8.dir/CheckIncludeFile.c.o  -o cmTC_31fb8 
make[1]: Leaving directory '/home/mariashka/uni/nets/cmake-build-debug/CMakeFiles/CMakeTmp'


Determining if the function pthread_create exists in the pthread passed with the following output:
Change Dir: /home/mariashka/uni/nets/cmake-build-debug/CMakeFiles/CMakeTmp

Run Build Command:"/usr/bin/make" "cmTC_21778/fast"
/usr/bin/make -f CMakeFiles/cmTC_21778.dir/build.make CMakeFiles/cmTC_21778.dir/build
make[1]: Entering directory '/home/mariashka/uni/nets/cmake-build-debug/CMakeFiles/CMakeTmp'
Building C object CMakeFiles/cmTC_21778.dir/CheckFunctionExists.c.o
/usr/bin/cc    -DCHECK_FUNCTION_EXISTS=pthread_create   -o CMakeFiles/cmTC_21778.dir/CheckFunctionExists.c.o   -c /opt/clion/bin/cmake/share/cmake-3.6/Modules/CheckFunctionExists.c
Linking C executable cmTC_21778
/opt/clion/bin/cmake/bin/cmake -E cmake_link_script CMakeFiles/cmTC_21778.dir/link.txt --verbose=1
/usr/bin/cc   -DCHECK_FUNCTION_EXISTS=pthread_create    CMakeFiles/cmTC_21778.dir/CheckFunctionExists.c.o  -o cmTC_21778 -lpthread 
make[1]: Leaving directory '/home/mariashka/uni/nets/cmake-build-debug/CMakeFiles/CMakeTmp'


