Determining if the pthread_create exist failed with the following output:
Change Dir: /home/mariashka/uni/nets/cmake-build-debug/CMakeFiles/CMakeTmp

Run Build Command:"/usr/bin/make" "cmTC_f1d97/fast"
/usr/bin/make -f CMakeFiles/cmTC_f1d97.dir/build.make CMakeFiles/cmTC_f1d97.dir/build
make[1]: Entering directory '/home/mariashka/uni/nets/cmake-build-debug/CMakeFiles/CMakeTmp'
Building C object CMakeFiles/cmTC_f1d97.dir/CheckSymbolExists.c.o
/usr/bin/cc     -o CMakeFiles/cmTC_f1d97.dir/CheckSymbolExists.c.o   -c /home/mariashka/uni/nets/cmake-build-debug/CMakeFiles/CMakeTmp/CheckSymbolExists.c
Linking C executable cmTC_f1d97
/opt/clion/bin/cmake/bin/cmake -E cmake_link_script CMakeFiles/cmTC_f1d97.dir/link.txt --verbose=1
/usr/bin/cc       CMakeFiles/cmTC_f1d97.dir/CheckSymbolExists.c.o  -o cmTC_f1d97 
CMakeFiles/cmTC_f1d97.dir/CheckSymbolExists.c.o: In function `main':
CheckSymbolExists.c:(.text+0x16): undefined reference to `pthread_create'
collect2: error: ld returned 1 exit status
make[1]: *** [CMakeFiles/cmTC_f1d97.dir/build.make:98: cmTC_f1d97] Error 1
make[1]: Leaving directory '/home/mariashka/uni/nets/cmake-build-debug/CMakeFiles/CMakeTmp'
make: *** [Makefile:126: cmTC_f1d97/fast] Error 2

File /home/mariashka/uni/nets/cmake-build-debug/CMakeFiles/CMakeTmp/CheckSymbolExists.c:
/* */
#include <pthread.h>

int main(int argc, char** argv)
{
  (void)argv;
#ifndef pthread_create
  return ((int*)(&pthread_create))[argc];
#else
  (void)argc;
  return 0;
#endif
}

Determining if the function pthread_create exists in the pthreads failed with the following output:
Change Dir: /home/mariashka/uni/nets/cmake-build-debug/CMakeFiles/CMakeTmp

Run Build Command:"/usr/bin/make" "cmTC_cecd1/fast"
/usr/bin/make -f CMakeFiles/cmTC_cecd1.dir/build.make CMakeFiles/cmTC_cecd1.dir/build
make[1]: Entering directory '/home/mariashka/uni/nets/cmake-build-debug/CMakeFiles/CMakeTmp'
Building C object CMakeFiles/cmTC_cecd1.dir/CheckFunctionExists.c.o
/usr/bin/cc    -DCHECK_FUNCTION_EXISTS=pthread_create   -o CMakeFiles/cmTC_cecd1.dir/CheckFunctionExists.c.o   -c /opt/clion/bin/cmake/share/cmake-3.6/Modules/CheckFunctionExists.c
Linking C executable cmTC_cecd1
/opt/clion/bin/cmake/bin/cmake -E cmake_link_script CMakeFiles/cmTC_cecd1.dir/link.txt --verbose=1
/usr/bin/cc   -DCHECK_FUNCTION_EXISTS=pthread_create    CMakeFiles/cmTC_cecd1.dir/CheckFunctionExists.c.o  -o cmTC_cecd1 -lpthreads 
/usr/bin/ld: cannot find -lpthreads
collect2: error: ld returned 1 exit status
make[1]: *** [CMakeFiles/cmTC_cecd1.dir/build.make:98: cmTC_cecd1] Error 1
make[1]: Leaving directory '/home/mariashka/uni/nets/cmake-build-debug/CMakeFiles/CMakeTmp'
make: *** [Makefile:126: cmTC_cecd1/fast] Error 2


